<?xml version="1.0" encoding="UTF-8"?>
<!-- Generated by org.testng.reporters.JUnitReportReporter -->
<testsuite skipped="0" hostname="DESKTOP-9G1RU80" name="Academy.E2EProject.HomePage" tests="1" failures="0" timestamp="2022-02-11T16:37:02 CST" time="11.685" errors="0">
  <testcase name="basePageNavigiation" time="11.685" classname="Academy.E2EProject.HomePage"/>
  <system-out/>
</testsuite> <!-- Academy.E2EProject.HomePage -->
